[debug] [2023-02-17T03:48:39.920Z] ----------------------------------------------------------------------
[debug] [2023-02-17T03:48:39.927Z] Command:       C:\Program Files\nodejs\node.exe C:\Users\jawah\AppData\Roaming\npm\node_modules\firebase-tools\lib\bin\firebase.js init
[debug] [2023-02-17T03:48:39.929Z] CLI Version:   11.23.1
[debug] [2023-02-17T03:48:39.929Z] Platform:      win32
[debug] [2023-02-17T03:48:39.929Z] Node Version:  v16.13.1
[debug] [2023-02-17T03:48:39.931Z] Time:          Thu Feb 16 2023 22:48:39 GMT-0500 (Eastern Standard Time)
[debug] [2023-02-17T03:48:39.932Z] ----------------------------------------------------------------------
[debug] 
[debug] [2023-02-17T03:48:39.940Z] >>> [apiv2][query] GET https://firebase-public.firebaseio.com/cli.json [none]
[debug] [2023-02-17T03:48:39.995Z] > command requires scopes: ["email","openid","https://www.googleapis.com/auth/cloudplatformprojects.readonly","https://www.googleapis.com/auth/firebase","https://www.googleapis.com/auth/cloud-platform"]
[debug] [2023-02-17T03:48:40.002Z] > authorizing via signed-in user (jawaharbjkk@gmail.com)
[info] 
     ######## #### ########  ######## ########     ###     ######  ########
     ##        ##  ##     ## ##       ##     ##  ##   ##  ##       ##
     ######    ##  ########  ######   ########  #########  ######  ######
     ##        ##  ##    ##  ##       ##     ## ##     ##       ## ##
     ##       #### ##     ## ######## ########  ##     ##  ######  ########

You're about to initialize a Firebase project in this directory:

  C:\Users\jawah\OneDrive\Desktop\React-todo\ReactProject-Todo

[debug] [2023-02-17T03:48:40.225Z] <<< [apiv2][status] GET https://firebase-public.firebaseio.com/cli.json 200
[debug] [2023-02-17T03:48:40.225Z] <<< [apiv2][body] GET https://firebase-public.firebaseio.com/cli.json {"cloudBuildErrorAfter":1594252800000,"cloudBuildWarnAfter":1590019200000,"defaultNode10After":1594252800000,"minVersion":"3.0.5","node8DeploysDisabledAfter":1613390400000,"node8RuntimeDisabledAfter":1615809600000,"node8WarnAfter":1600128000000}
